<?xml version="1.0" encoding="UTF-8"?>
<!-- Generated by org.testng.reporters.JUnitReportReporter -->
<testsuite hostname="LAPTOP-GI0RDT4H" failures="0" tests="1" name="freeCRM.AppsSelect" time="3.466" errors="0" timestamp="25 Nov 2020 04:27:21 GMT" skipped="0">
  <testcase classname="freeCRM.AppsSelect" name="selectApps" time="3.466"/>
</testsuite> <!-- freeCRM.AppsSelect -->
