<?xml version="1.0" encoding="UTF-8"?>
<!-- Generated by org.testng.reporters.JUnitReportReporter -->
<testsuite hostname="LAPTOP-GI0RDT4H" failures="0" tests="1" name="freeCRM.SignUp" time="23.012" errors="0" timestamp="23 Nov 2020 23:52:13 GMT" skipped="0">
  <testcase classname="freeCRM.SignUp" name="NewUser" time="23.012"/>
</testsuite> <!-- freeCRM.SignUp -->
