<?xml version="1.0" encoding="UTF-8"?>
<!-- Generated by org.testng.reporters.JUnitReportReporter -->
<testsuite hostname="LAPTOP-GI0RDT4H" failures="0" tests="1" name="freeCRM.CRMDropdowm" time="3.538" errors="0" timestamp="24 Nov 2020 18:30:22 GMT" skipped="0">
  <testcase classname="freeCRM.CRMDropdowm" name="moveToCRM" time="3.538"/>
</testsuite> <!-- freeCRM.CRMDropdowm -->
