<?xml version="1.0" encoding="UTF-8"?>
<!-- Generated by org.testng.reporters.JUnitReportReporter -->
<testsuite hostname="LAPTOP-GI0RDT4H" failures="0" tests="2" name="freeCRM.About" time="3.436" errors="0" timestamp="24 Nov 2020 03:14:50 GMT" skipped="0">
  <testcase classname="freeCRM.About" name="CheckAbout" time="0.824"/>
  <testcase classname="freeCRM.About" name="scrollDown" time="2.612"/>
</testsuite> <!-- freeCRM.About -->
